2025-08-08T03:11:10Z Debug: danceFolder does not exist, so we're gonna make one:  "SampleDance" ()
2025-08-08T03:11:10Z Debug: MISSING A FRAME, SO MAKING ONE:  1 "/Users/mpogue/iPad_squaredesk/SquareDeskMusic/sd/dances/SampleDance/f1-biggie.txt" ()
2025-08-08T03:11:10Z Debug: MISSING A FRAME, SO MAKING ONE:  2 "/Users/mpogue/iPad_squaredesk/SquareDeskMusic/sd/dances/SampleDance/F2-easy.txt" ()
2025-08-08T03:11:10Z Debug: MISSING A FRAME, SO MAKING ONE:  3 "/Users/mpogue/iPad_squaredesk/SquareDeskMusic/sd/dances/SampleDance/f3-medium.txt" ()
2025-08-08T03:11:10Z Debug: MISSING A FRAME, SO MAKING ONE:  4 "/Users/mpogue/iPad_squaredesk/SquareDeskMusic/sd/dances/SampleDance/f4-hard.txt" ()
2025-08-08T03:11:10Z Debug: Making new deleted.txt file:  "/Users/mpogue/iPad_squaredesk/SquareDeskMusic/sd/dances/SampleDance/deleted.txt" ()
2025-08-08T03:11:10Z Debug: Didn't find .current.csv, so making one with all 1's ()
2025-08-08T03:11:10Z Debug: SDReadSequencesUsed: File  "/Users/mpogue/iPad_squaredesk/SquareDeskMusic/sd/dances/SampleDance/sequenceUsed.csv"  could not be opened, so creating one. ()
2025-08-08T03:11:31Z Debug: pathsInTable QList("/Users/mpogue/Library/Mobile Documents/com~apple~CloudDocs/SquareDance/squareDanceMusic_iCloud/patter/ESP 1064 - Jude.mp3", "/Users/mpogue/Library/Mobile Documents/com~apple~CloudDocs/SquareDance/squareDanceMusic_iCloud/patter/ESP 456 - PartyTime.mp3", "/Users/mpogue/Library/Mobile Documents/com~apple~CloudDocs/SquareDance/squareDanceMusic_iCloud/patter/RIV 456 - Smooth Sailing (Patter).mp3") ()
2025-08-08T03:12:19Z Debug: pathsInTable QList("/Users/mpogue/Library/Mobile Documents/com~apple~CloudDocs/SquareDance/squareDanceMusic_iCloud/singing/RYL 1505 - Seven Bridges Road.mp3") ()
2025-08-08T03:13:03Z Debug: pathsInTable QList("/Users/mpogue/Library/Mobile Documents/com~apple~CloudDocs/SquareDance/squareDanceMusic_iCloud/lyrics/RYL 1505 - Seven Bridges Road.3.html", "/Users/mpogue/Library/Mobile Documents/com~apple~CloudDocs/SquareDance/squareDanceMusic_iCloud/lyrics/RYL 1505 - Seven Bridges Road.4.html") ()
2025-08-08T03:15:09Z Warning: #thumbs is undefined. (http://localhost:8000/?Speed=Fast&_redirected=1)
2025-08-08T03:15:09Z Warning: #thumbs is undefined. (http://localhost:8000/?Speed=Fast&_redirected=1)
2025-08-08T03:15:09Z Warning: #thumbs_label is undefined. (http://localhost:8000/?Speed=Fast&_redirected=1)
2025-08-08T03:15:09Z Warning: #thumbs_label is undefined. (http://localhost:8000/?Speed=Fast&_redirected=1)
2025-08-08T03:15:09Z Warning: #document_outline is undefined. (http://localhost:8000/?Speed=Fast&_redirected=1)
2025-08-08T03:15:09Z Warning: #document_outline is undefined. (http://localhost:8000/?Speed=Fast&_redirected=1)
2025-08-08T03:15:09Z Warning: #document_outline_label is undefined. (http://localhost:8000/?Speed=Fast&_redirected=1)
2025-08-08T03:15:09Z Warning: #document_outline_label is undefined. (http://localhost:8000/?Speed=Fast&_redirected=1)
2025-08-08T03:15:09Z Warning: #attachments is undefined. (http://localhost:8000/?Speed=Fast&_redirected=1)
2025-08-08T03:15:09Z Warning: #attachments is undefined. (http://localhost:8000/?Speed=Fast&_redirected=1)
2025-08-08T03:15:09Z Warning: #attachments_label is undefined. (http://localhost:8000/?Speed=Fast&_redirected=1)
2025-08-08T03:15:09Z Warning: #attachments_label is undefined. (http://localhost:8000/?Speed=Fast&_redirected=1)
2025-08-08T03:15:09Z Warning: #find_input is undefined. (http://localhost:8000/?Speed=Fast&_redirected=1)
2025-08-08T03:15:09Z Warning: #find_input is undefined. (http://localhost:8000/?Speed=Fast&_redirected=1)
2025-08-08T03:15:09Z Warning: #find_previous is undefined. (http://localhost:8000/?Speed=Fast&_redirected=1)
2025-08-08T03:15:09Z Warning: #find_previous is undefined. (http://localhost:8000/?Speed=Fast&_redirected=1)
2025-08-08T03:15:09Z Warning: #find_previous_label is undefined. (http://localhost:8000/?Speed=Fast&_redirected=1)
2025-08-08T03:15:09Z Warning: #find_previous_label is undefined. (http://localhost:8000/?Speed=Fast&_redirected=1)
2025-08-08T03:15:09Z Warning: #find_next is undefined. (http://localhost:8000/?Speed=Fast&_redirected=1)
2025-08-08T03:15:09Z Warning: #find_next is undefined. (http://localhost:8000/?Speed=Fast&_redirected=1)
2025-08-08T03:15:09Z Warning: #find_next_label is undefined. (http://localhost:8000/?Speed=Fast&_redirected=1)
2025-08-08T03:15:09Z Warning: #find_next_label is undefined. (http://localhost:8000/?Speed=Fast&_redirected=1)
2025-08-08T03:15:09Z Warning: #find_highlight is undefined. (http://localhost:8000/?Speed=Fast&_redirected=1)
2025-08-08T03:15:09Z Warning: #find_highlight is undefined. (http://localhost:8000/?Speed=Fast&_redirected=1)
2025-08-08T03:15:09Z Warning: #find_match_case_label is undefined. (http://localhost:8000/?Speed=Fast&_redirected=1)
2025-08-08T03:15:09Z Warning: #find_match_case_label is undefined. (http://localhost:8000/?Speed=Fast&_redirected=1)
2025-08-08T03:15:09Z Warning: #presentation_mode is undefined. (http://localhost:8000/?Speed=Fast&_redirected=1)
2025-08-08T03:15:09Z Warning: #presentation_mode is undefined. (http://localhost:8000/?Speed=Fast&_redirected=1)
2025-08-08T03:15:09Z Warning: #presentation_mode_label is undefined. (http://localhost:8000/?Speed=Fast&_redirected=1)
2025-08-08T03:15:09Z Warning: #presentation_mode_label is undefined. (http://localhost:8000/?Speed=Fast&_redirected=1)
2025-08-08T03:15:09Z Warning: #open_file is undefined. (http://localhost:8000/?Speed=Fast&_redirected=1)
2025-08-08T03:15:09Z Warning: #open_file is undefined. (http://localhost:8000/?Speed=Fast&_redirected=1)
2025-08-08T03:15:09Z Warning: #open_file_label is undefined. (http://localhost:8000/?Speed=Fast&_redirected=1)
2025-08-08T03:15:09Z Warning: #open_file_label is undefined. (http://localhost:8000/?Speed=Fast&_redirected=1)
2025-08-08T03:15:09Z Warning: #print is undefined. (http://localhost:8000/?Speed=Fast&_redirected=1)
2025-08-08T03:15:09Z Warning: #print is undefined. (http://localhost:8000/?Speed=Fast&_redirected=1)
2025-08-08T03:15:09Z Warning: #print_label is undefined. (http://localhost:8000/?Speed=Fast&_redirected=1)
2025-08-08T03:15:09Z Warning: #print_label is undefined. (http://localhost:8000/?Speed=Fast&_redirected=1)
2025-08-08T03:15:09Z Warning: #download is undefined. (http://localhost:8000/?Speed=Fast&_redirected=1)
2025-08-08T03:15:09Z Warning: #download is undefined. (http://localhost:8000/?Speed=Fast&_redirected=1)
2025-08-08T03:15:09Z Warning: #download_label is undefined. (http://localhost:8000/?Speed=Fast&_redirected=1)
2025-08-08T03:15:09Z Warning: #download_label is undefined. (http://localhost:8000/?Speed=Fast&_redirected=1)
2025-08-08T03:15:09Z Warning: #bookmark is undefined. (http://localhost:8000/?Speed=Fast&_redirected=1)
2025-08-08T03:15:09Z Warning: #bookmark is undefined. (http://localhost:8000/?Speed=Fast&_redirected=1)
2025-08-08T03:15:09Z Warning: #bookmark_label is undefined. (http://localhost:8000/?Speed=Fast&_redirected=1)
2025-08-08T03:15:09Z Warning: #bookmark_label is undefined. (http://localhost:8000/?Speed=Fast&_redirected=1)
2025-08-08T03:15:09Z Warning: #first_page is undefined. (http://localhost:8000/?Speed=Fast&_redirected=1)
2025-08-08T03:15:09Z Warning: #first_page is undefined. (http://localhost:8000/?Speed=Fast&_redirected=1)
2025-08-08T03:15:09Z Warning: #first_page_label is undefined. (http://localhost:8000/?Speed=Fast&_redirected=1)
2025-08-08T03:15:09Z Warning: #first_page_label is undefined. (http://localhost:8000/?Speed=Fast&_redirected=1)
2025-08-08T03:15:09Z Warning: #last_page is undefined. (http://localhost:8000/?Speed=Fast&_redirected=1)
2025-08-08T03:15:09Z Warning: #last_page is undefined. (http://localhost:8000/?Speed=Fast&_redirected=1)
2025-08-08T03:15:09Z Warning: #last_page_label is undefined. (http://localhost:8000/?Speed=Fast&_redirected=1)
2025-08-08T03:15:09Z Warning: #last_page_label is undefined. (http://localhost:8000/?Speed=Fast&_redirected=1)
2025-08-08T03:15:09Z Warning: #page_rotate_cw is undefined. (http://localhost:8000/?Speed=Fast&_redirected=1)
2025-08-08T03:15:09Z Warning: #page_rotate_cw is undefined. (http://localhost:8000/?Speed=Fast&_redirected=1)
2025-08-08T03:15:09Z Warning: #page_rotate_cw_label is undefined. (http://localhost:8000/?Speed=Fast&_redirected=1)
2025-08-08T03:15:09Z Warning: #page_rotate_cw_label is undefined. (http://localhost:8000/?Speed=Fast&_redirected=1)
2025-08-08T03:15:09Z Warning: #page_rotate_ccw is undefined. (http://localhost:8000/?Speed=Fast&_redirected=1)
2025-08-08T03:15:09Z Warning: #page_rotate_ccw is undefined. (http://localhost:8000/?Speed=Fast&_redirected=1)
2025-08-08T03:15:09Z Warning: #page_rotate_ccw_label is undefined. (http://localhost:8000/?Speed=Fast&_redirected=1)
2025-08-08T03:15:09Z Warning: #page_rotate_ccw_label is undefined. (http://localhost:8000/?Speed=Fast&_redirected=1)
2025-08-08T03:15:09Z Warning: #hand_tool_enable is undefined. (http://localhost:8000/?Speed=Fast&_redirected=1)
2025-08-08T03:15:09Z Warning: #hand_tool_enable is undefined. (http://localhost:8000/?Speed=Fast&_redirected=1)
2025-08-08T03:15:09Z Warning: #hand_tool_enable_label is undefined. (http://localhost:8000/?Speed=Fast&_redirected=1)
2025-08-08T03:15:09Z Warning: #hand_tool_enable_label is undefined. (http://localhost:8000/?Speed=Fast&_redirected=1)
2025-08-08T03:15:09Z Warning: #document_properties is undefined. (http://localhost:8000/?Speed=Fast&_redirected=1)
2025-08-08T03:15:09Z Warning: #document_properties is undefined. (http://localhost:8000/?Speed=Fast&_redirected=1)
2025-08-08T03:15:09Z Warning: #document_properties_label is undefined. (http://localhost:8000/?Speed=Fast&_redirected=1)
2025-08-08T03:15:09Z Warning: #document_properties_label is undefined. (http://localhost:8000/?Speed=Fast&_redirected=1)
2025-08-08T03:15:09Z Warning: #toggle_sidebar is undefined. (http://localhost:8000/?Speed=Fast&_redirected=1)
2025-08-08T03:15:09Z Warning: #toggle_sidebar is undefined. (http://localhost:8000/?Speed=Fast&_redirected=1)
2025-08-08T03:15:09Z Warning: #toggle_sidebar_label is undefined. (http://localhost:8000/?Speed=Fast&_redirected=1)
2025-08-08T03:15:09Z Warning: #toggle_sidebar_label is undefined. (http://localhost:8000/?Speed=Fast&_redirected=1)
2025-08-08T03:15:09Z Warning: #findbar is undefined. (http://localhost:8000/?Speed=Fast&_redirected=1)
2025-08-08T03:15:09Z Warning: #findbar is undefined. (http://localhost:8000/?Speed=Fast&_redirected=1)
2025-08-08T03:15:09Z Warning: #findbar_label is undefined. (http://localhost:8000/?Speed=Fast&_redirected=1)
2025-08-08T03:15:09Z Warning: #findbar_label is undefined. (http://localhost:8000/?Speed=Fast&_redirected=1)
2025-08-08T03:15:09Z Warning: #previous is undefined. (http://localhost:8000/?Speed=Fast&_redirected=1)
2025-08-08T03:15:09Z Warning: #previous is undefined. (http://localhost:8000/?Speed=Fast&_redirected=1)
2025-08-08T03:15:09Z Warning: #previous_label is undefined. (http://localhost:8000/?Speed=Fast&_redirected=1)
2025-08-08T03:15:09Z Warning: #previous_label is undefined. (http://localhost:8000/?Speed=Fast&_redirected=1)
2025-08-08T03:15:09Z Warning: #next is undefined. (http://localhost:8000/?Speed=Fast&_redirected=1)
2025-08-08T03:15:09Z Warning: #next is undefined. (http://localhost:8000/?Speed=Fast&_redirected=1)
2025-08-08T03:15:09Z Warning: #next_label is undefined. (http://localhost:8000/?Speed=Fast&_redirected=1)
2025-08-08T03:15:09Z Warning: #next_label is undefined. (http://localhost:8000/?Speed=Fast&_redirected=1)
2025-08-08T03:15:09Z Warning: #page is undefined. (http://localhost:8000/?Speed=Fast&_redirected=1)
2025-08-08T03:15:09Z Warning: #page is undefined. (http://localhost:8000/?Speed=Fast&_redirected=1)
2025-08-08T03:15:09Z Warning: #presentation_mode is undefined. (http://localhost:8000/?Speed=Fast&_redirected=1)
2025-08-08T03:15:09Z Warning: #presentation_mode is undefined. (http://localhost:8000/?Speed=Fast&_redirected=1)
2025-08-08T03:15:09Z Warning: #presentation_mode_label is undefined. (http://localhost:8000/?Speed=Fast&_redirected=1)
2025-08-08T03:15:09Z Warning: #presentation_mode_label is undefined. (http://localhost:8000/?Speed=Fast&_redirected=1)
2025-08-08T03:15:09Z Warning: #open_file is undefined. (http://localhost:8000/?Speed=Fast&_redirected=1)
2025-08-08T03:15:09Z Warning: #open_file is undefined. (http://localhost:8000/?Speed=Fast&_redirected=1)
2025-08-08T03:15:09Z Warning: #open_file_label is undefined. (http://localhost:8000/?Speed=Fast&_redirected=1)
2025-08-08T03:15:09Z Warning: #open_file_label is undefined. (http://localhost:8000/?Speed=Fast&_redirected=1)
2025-08-08T03:15:09Z Warning: #print is undefined. (http://localhost:8000/?Speed=Fast&_redirected=1)
2025-08-08T03:15:09Z Warning: #print is undefined. (http://localhost:8000/?Speed=Fast&_redirected=1)
2025-08-08T03:15:09Z Warning: #print_label is undefined. (http://localhost:8000/?Speed=Fast&_redirected=1)
2025-08-08T03:15:09Z Warning: #print_label is undefined. (http://localhost:8000/?Speed=Fast&_redirected=1)
2025-08-08T03:15:09Z Warning: #download is undefined. (http://localhost:8000/?Speed=Fast&_redirected=1)
2025-08-08T03:15:09Z Warning: #download is undefined. (http://localhost:8000/?Speed=Fast&_redirected=1)
2025-08-08T03:15:09Z Warning: #download_label is undefined. (http://localhost:8000/?Speed=Fast&_redirected=1)
2025-08-08T03:15:09Z Warning: #download_label is undefined. (http://localhost:8000/?Speed=Fast&_redirected=1)
2025-08-08T03:15:09Z Warning: #bookmark is undefined. (http://localhost:8000/?Speed=Fast&_redirected=1)
2025-08-08T03:15:09Z Warning: #bookmark is undefined. (http://localhost:8000/?Speed=Fast&_redirected=1)
2025-08-08T03:15:09Z Warning: #bookmark_label is undefined. (http://localhost:8000/?Speed=Fast&_redirected=1)
2025-08-08T03:15:09Z Warning: #bookmark_label is undefined. (http://localhost:8000/?Speed=Fast&_redirected=1)
2025-08-08T03:15:09Z Warning: #tools is undefined. (http://localhost:8000/?Speed=Fast&_redirected=1)
2025-08-08T03:15:09Z Warning: #tools is undefined. (http://localhost:8000/?Speed=Fast&_redirected=1)
2025-08-08T03:15:09Z Warning: #tools_label is undefined. (http://localhost:8000/?Speed=Fast&_redirected=1)
2025-08-08T03:15:09Z Warning: #tools_label is undefined. (http://localhost:8000/?Speed=Fast&_redirected=1)
2025-08-08T03:15:09Z Warning: #zoom_out is undefined. (http://localhost:8000/?Speed=Fast&_redirected=1)
2025-08-08T03:15:09Z Warning: #zoom_out is undefined. (http://localhost:8000/?Speed=Fast&_redirected=1)
2025-08-08T03:15:09Z Warning: #zoom_out_label is undefined. (http://localhost:8000/?Speed=Fast&_redirected=1)
2025-08-08T03:15:09Z Warning: #zoom_out_label is undefined. (http://localhost:8000/?Speed=Fast&_redirected=1)
2025-08-08T03:15:09Z Warning: #zoom_in is undefined. (http://localhost:8000/?Speed=Fast&_redirected=1)
2025-08-08T03:15:09Z Warning: #zoom_in is undefined. (http://localhost:8000/?Speed=Fast&_redirected=1)
2025-08-08T03:15:09Z Warning: #zoom_in_label is undefined. (http://localhost:8000/?Speed=Fast&_redirected=1)
2025-08-08T03:15:09Z Warning: #zoom_in_label is undefined. (http://localhost:8000/?Speed=Fast&_redirected=1)
2025-08-08T03:15:09Z Warning: #zoom is undefined. (http://localhost:8000/?Speed=Fast&_redirected=1)
2025-08-08T03:15:09Z Warning: #zoom is undefined. (http://localhost:8000/?Speed=Fast&_redirected=1)
2025-08-08T03:15:09Z Warning: #page_scale_auto is undefined. (http://localhost:8000/?Speed=Fast&_redirected=1)
2025-08-08T03:15:09Z Warning: #page_scale_auto is undefined. (http://localhost:8000/?Speed=Fast&_redirected=1)
2025-08-08T03:15:09Z Warning: #page_scale_actual is undefined. (http://localhost:8000/?Speed=Fast&_redirected=1)
2025-08-08T03:15:09Z Warning: #page_scale_actual is undefined. (http://localhost:8000/?Speed=Fast&_redirected=1)
2025-08-08T03:15:09Z Warning: #page_scale_fit is undefined. (http://localhost:8000/?Speed=Fast&_redirected=1)
2025-08-08T03:15:09Z Warning: #page_scale_fit is undefined. (http://localhost:8000/?Speed=Fast&_redirected=1)
2025-08-08T03:15:09Z Warning: #page_scale_width is undefined. (http://localhost:8000/?Speed=Fast&_redirected=1)
2025-08-08T03:15:09Z Warning: #page_scale_width is undefined. (http://localhost:8000/?Speed=Fast&_redirected=1)
2025-08-08T03:15:09Z Warning: #page_scale_percent is undefined. (http://localhost:8000/?Speed=Fast&_redirected=1)
2025-08-08T03:15:09Z Warning: #page_scale_percent is undefined. (http://localhost:8000/?Speed=Fast&_redirected=1)
2025-08-08T03:15:09Z Warning: #page_scale_percent is undefined. (http://localhost:8000/?Speed=Fast&_redirected=1)
2025-08-08T03:15:09Z Warning: #page_scale_percent is undefined. (http://localhost:8000/?Speed=Fast&_redirected=1)
2025-08-08T03:15:09Z Warning: #page_scale_percent is undefined. (http://localhost:8000/?Speed=Fast&_redirected=1)
2025-08-08T03:15:09Z Warning: #page_scale_percent is undefined. (http://localhost:8000/?Speed=Fast&_redirected=1)
2025-08-08T03:15:09Z Warning: #page_scale_percent is undefined. (http://localhost:8000/?Speed=Fast&_redirected=1)
2025-08-08T03:15:09Z Warning: #page_scale_percent is undefined. (http://localhost:8000/?Speed=Fast&_redirected=1)
2025-08-08T03:15:09Z Warning: #page_scale_percent is undefined. (http://localhost:8000/?Speed=Fast&_redirected=1)
2025-08-08T03:15:09Z Warning: #page_scale_percent is undefined. (http://localhost:8000/?Speed=Fast&_redirected=1)
2025-08-08T03:15:09Z Warning: #page_scale_percent is undefined. (http://localhost:8000/?Speed=Fast&_redirected=1)
2025-08-08T03:15:09Z Warning: #page_scale_percent is undefined. (http://localhost:8000/?Speed=Fast&_redirected=1)
2025-08-08T03:15:09Z Warning: #page_scale_percent is undefined. (http://localhost:8000/?Speed=Fast&_redirected=1)
2025-08-08T03:15:09Z Warning: #page_scale_percent is undefined. (http://localhost:8000/?Speed=Fast&_redirected=1)
2025-08-08T03:15:09Z Warning: #page_scale_percent is undefined. (http://localhost:8000/?Speed=Fast&_redirected=1)
2025-08-08T03:15:09Z Warning: #page_scale_percent is undefined. (http://localhost:8000/?Speed=Fast&_redirected=1)
2025-08-08T03:15:09Z Warning: #first_page is undefined. (http://localhost:8000/?Speed=Fast&_redirected=1)
2025-08-08T03:15:09Z Warning: #first_page is undefined. (http://localhost:8000/?Speed=Fast&_redirected=1)
2025-08-08T03:15:09Z Warning: #last_page is undefined. (http://localhost:8000/?Speed=Fast&_redirected=1)
2025-08-08T03:15:09Z Warning: #last_page is undefined. (http://localhost:8000/?Speed=Fast&_redirected=1)
2025-08-08T03:15:09Z Warning: #page_rotate_cw is undefined. (http://localhost:8000/?Speed=Fast&_redirected=1)
2025-08-08T03:15:09Z Warning: #page_rotate_cw is undefined. (http://localhost:8000/?Speed=Fast&_redirected=1)
2025-08-08T03:15:09Z Warning: #page_rotate_ccw is undefined. (http://localhost:8000/?Speed=Fast&_redirected=1)
2025-08-08T03:15:09Z Warning: #page_rotate_ccw is undefined. (http://localhost:8000/?Speed=Fast&_redirected=1)
2025-08-08T03:15:09Z Warning: #error_more_info is undefined. (http://localhost:8000/?Speed=Fast&_redirected=1)
2025-08-08T03:15:09Z Warning: #error_more_info is undefined. (http://localhost:8000/?Speed=Fast&_redirected=1)
2025-08-08T03:15:09Z Warning: #error_less_info is undefined. (http://localhost:8000/?Speed=Fast&_redirected=1)
2025-08-08T03:15:09Z Warning: #error_less_info is undefined. (http://localhost:8000/?Speed=Fast&_redirected=1)
2025-08-08T03:15:09Z Warning: #error_close is undefined. (http://localhost:8000/?Speed=Fast&_redirected=1)
2025-08-08T03:15:09Z Warning: #error_close is undefined. (http://localhost:8000/?Speed=Fast&_redirected=1)
2025-08-08T03:15:09Z Warning: #password_label is undefined. (http://localhost:8000/?Speed=Fast&_redirected=1)
2025-08-08T03:15:09Z Warning: #password_label is undefined. (http://localhost:8000/?Speed=Fast&_redirected=1)
2025-08-08T03:15:09Z Warning: #password_cancel is undefined. (http://localhost:8000/?Speed=Fast&_redirected=1)
2025-08-08T03:15:09Z Warning: #password_cancel is undefined. (http://localhost:8000/?Speed=Fast&_redirected=1)
2025-08-08T03:15:09Z Warning: #password_ok is undefined. (http://localhost:8000/?Speed=Fast&_redirected=1)
2025-08-08T03:15:09Z Warning: #password_ok is undefined. (http://localhost:8000/?Speed=Fast&_redirected=1)
2025-08-08T03:15:09Z Warning: #document_properties_file_name is undefined. (http://localhost:8000/?Speed=Fast&_redirected=1)
2025-08-08T03:15:09Z Warning: #document_properties_file_name is undefined. (http://localhost:8000/?Speed=Fast&_redirected=1)
2025-08-08T03:15:09Z Warning: #document_properties_file_size is undefined. (http://localhost:8000/?Speed=Fast&_redirected=1)
2025-08-08T03:15:09Z Warning: #document_properties_file_size is undefined. (http://localhost:8000/?Speed=Fast&_redirected=1)
2025-08-08T03:15:09Z Warning: #document_properties_title is undefined. (http://localhost:8000/?Speed=Fast&_redirected=1)
2025-08-08T03:15:09Z Warning: #document_properties_title is undefined. (http://localhost:8000/?Speed=Fast&_redirected=1)
2025-08-08T03:15:09Z Warning: #document_properties_author is undefined. (http://localhost:8000/?Speed=Fast&_redirected=1)
2025-08-08T03:15:09Z Warning: #document_properties_author is undefined. (http://localhost:8000/?Speed=Fast&_redirected=1)
2025-08-08T03:15:09Z Warning: #document_properties_subject is undefined. (http://localhost:8000/?Speed=Fast&_redirected=1)
2025-08-08T03:15:09Z Warning: #document_properties_subject is undefined. (http://localhost:8000/?Speed=Fast&_redirected=1)
2025-08-08T03:15:09Z Warning: #document_properties_keywords is undefined. (http://localhost:8000/?Speed=Fast&_redirected=1)
2025-08-08T03:15:09Z Warning: #document_properties_keywords is undefined. (http://localhost:8000/?Speed=Fast&_redirected=1)
2025-08-08T03:15:09Z Warning: #document_properties_creation_date is undefined. (http://localhost:8000/?Speed=Fast&_redirected=1)
2025-08-08T03:15:09Z Warning: #document_properties_creation_date is undefined. (http://localhost:8000/?Speed=Fast&_redirected=1)
2025-08-08T03:15:09Z Warning: #document_properties_modification_date is undefined. (http://localhost:8000/?Speed=Fast&_redirected=1)
2025-08-08T03:15:09Z Warning: #document_properties_modification_date is undefined. (http://localhost:8000/?Speed=Fast&_redirected=1)
2025-08-08T03:15:09Z Warning: #document_properties_creator is undefined. (http://localhost:8000/?Speed=Fast&_redirected=1)
2025-08-08T03:15:09Z Warning: #document_properties_creator is undefined. (http://localhost:8000/?Speed=Fast&_redirected=1)
2025-08-08T03:15:09Z Warning: #document_properties_producer is undefined. (http://localhost:8000/?Speed=Fast&_redirected=1)
2025-08-08T03:15:09Z Warning: #document_properties_producer is undefined. (http://localhost:8000/?Speed=Fast&_redirected=1)
2025-08-08T03:15:09Z Warning: #document_properties_version is undefined. (http://localhost:8000/?Speed=Fast&_redirected=1)
2025-08-08T03:15:09Z Warning: #document_properties_version is undefined. (http://localhost:8000/?Speed=Fast&_redirected=1)
2025-08-08T03:15:09Z Warning: #document_properties_page_count is undefined. (http://localhost:8000/?Speed=Fast&_redirected=1)
2025-08-08T03:15:09Z Warning: #document_properties_page_count is undefined. (http://localhost:8000/?Speed=Fast&_redirected=1)
2025-08-08T03:15:09Z Warning: #document_properties_close is undefined. (http://localhost:8000/?Speed=Fast&_redirected=1)
2025-08-08T03:15:09Z Warning: #document_properties_close is undefined. (http://localhost:8000/?Speed=Fast&_redirected=1)
2025-08-08T03:15:09Z Warning: #print_progress_message is undefined. (http://localhost:8000/?Speed=Fast&_redirected=1)
2025-08-08T03:15:09Z Warning: #print_progress_message is undefined. (http://localhost:8000/?Speed=Fast&_redirected=1)
2025-08-08T03:15:09Z Warning: #print_progress_percent is undefined. (http://localhost:8000/?Speed=Fast&_redirected=1)
2025-08-08T03:15:09Z Warning: #print_progress_percent is undefined. (http://localhost:8000/?Speed=Fast&_redirected=1)
2025-08-08T03:15:09Z Warning: #print_progress_close is undefined. (http://localhost:8000/?Speed=Fast&_redirected=1)
2025-08-08T03:15:09Z Warning: #print_progress_close is undefined. (http://localhost:8000/?Speed=Fast&_redirected=1)
2025-08-08T03:15:09Z Warning: #of_pages is undefined. (http://localhost:8000/?Speed=Fast&_redirected=1)
2025-08-08T03:15:09Z Warning: #of_pages is undefined. (http://localhost:8000/?Speed=Fast&_redirected=1)
2025-08-08T03:15:35Z Debug: ERROR: could not open for writing:  "/Users/mpogue/Library/Mobile Documents/com~apple~CloudDocs/SquareDance/squareDanceMusic_iCloud/sd/dances/SampleDance/.current.csv" ()
